build/outputs/logs/manifest-merger-debug-report.txt
-- Merging decision tree log ---
manifest
ADDED from ChuangYeQuann\AndroidManifest.xml:2:1-333:12
	package
		ADDED from ChuangYeQuann\AndroidManifest.xml:3:5-37
	android:versionName
		ADDED from ChuangYeQuann\AndroidManifest.xml:5:5-32
		INJECTED from ChuangYeQuann\AndroidManifest.xml
		INJECTED from ChuangYeQuann\AndroidManifest.xml
	android:versionCode
		ADDED from ChuangYeQuann\AndroidManifest.xml:4:5-29
		INJECTED from ChuangYeQuann\AndroidManifest.xml
		INJECTED from ChuangYeQuann\AndroidManifest.xml
	xmlns:android
		ADDED from ChuangYeQuann\AndroidManifest.xml:2:11-69
uses-sdk
ADDED from ChuangYeQuann\AndroidManifest.xml:7:5-9:41
	android:targetSdkVersion
		ADDED from ChuangYeQuann\AndroidManifest.xml:9:9-38
	android:minSdkVersion
		ADDED from ChuangYeQuann\AndroidManifest.xml:8:9-34
uses-permission#android.permission.VIBRATE
ADDED from ChuangYeQuann\AndroidManifest.xml:11:5-66
	android:name
		ADDED from ChuangYeQuann\AndroidManifest.xml:11:22-63
uses-permission#android.permission.INTERNET
ADDED from ChuangYeQuann\AndroidManifest.xml:12:5-67
	android:name
		ADDED from ChuangYeQuann\AndroidManifest.xml:12:22-64
uses-permission#android.permission.RECORD_AUDIO
ADDED from ChuangYeQuann\AndroidManifest.xml:13:5-71
	android:name
		ADDED from ChuangYeQuann\AndroidManifest.xml:13:22-68
uses-permission#android.permission.CAMERA
ADDED from ChuangYeQuann\AndroidManifest.xml:14:5-65
	android:name
		ADDED from ChuangYeQuann\AndroidManifest.xml:14:22-62
uses-permission#android.permission.ACCESS_NETWORK_STATE
ADDED from ChuangYeQuann\AndroidManifest.xml:15:5-79
	android:name
		ADDED from ChuangYeQuann\AndroidManifest.xml:15:22-76
uses-permission#android.permission.WRITE_EXTERNAL_STORAGE
ADDED from ChuangYeQuann\AndroidManifest.xml:16:5-81
	android:name
		ADDED from ChuangYeQuann\AndroidManifest.xml:16:22-78
uses-permission#android.permission.MOUNT_UNMOUNT_FILESYSTEMS
ADDED from ChuangYeQuann\AndroidManifest.xml:17:5-84
	android:name
		ADDED from ChuangYeQuann\AndroidManifest.xml:17:22-81
uses-permission#android.permission.ACCESS_FINE_LOCATION
ADDED from ChuangYeQuann\AndroidManifest.xml:18:5-79
	android:name
		ADDED from ChuangYeQuann\AndroidManifest.xml:18:22-76
uses-permission#android.permission.GET_TASKS
ADDED from ChuangYeQuann\AndroidManifest.xml:19:5-68
	android:name
		ADDED from ChuangYeQuann\AndroidManifest.xml:19:22-65
uses-permission#android.permission.ACCESS_WIFI_STATE
ADDED from ChuangYeQuann\AndroidManifest.xml:20:5-76
	android:name
		ADDED from ChuangYeQuann\AndroidManifest.xml:20:22-73
uses-permission#android.permission.CHANGE_WIFI_STATE
ADDED from ChuangYeQuann\AndroidManifest.xml:21:5-76
	android:name
		ADDED from ChuangYeQuann\AndroidManifest.xml:21:22-73
uses-permission#android.permission.WAKE_LOCK
ADDED from ChuangYeQuann\AndroidManifest.xml:22:5-68
	android:name
		ADDED from ChuangYeQuann\AndroidManifest.xml:22:22-65
uses-permission#android.permission.MODIFY_AUDIO_SETTINGS
ADDED from ChuangYeQuann\AndroidManifest.xml:23:5-80
	android:name
		ADDED from ChuangYeQuann\AndroidManifest.xml:23:22-77
uses-permission#android.permission.READ_PHONE_STATE
ADDED from ChuangYeQuann\AndroidManifest.xml:24:5-75
	android:name
		ADDED from ChuangYeQuann\AndroidManifest.xml:24:22-72
uses-permission#android.permission.RECEIVE_BOOT_COMPLETED
ADDED from ChuangYeQuann\AndroidManifest.xml:25:5-81
	android:name
		ADDED from ChuangYeQuann\AndroidManifest.xml:25:22-78
uses-permission#android.permission.GET_ACCOUNTS
ADDED from ChuangYeQuann\AndroidManifest.xml:26:5-71
	android:name
		ADDED from ChuangYeQuann\AndroidManifest.xml:26:22-68
uses-permission#android.permission.USE_CREDENTIALS
ADDED from ChuangYeQuann\AndroidManifest.xml:27:5-74
	android:name
		ADDED from ChuangYeQuann\AndroidManifest.xml:27:22-71
uses-permission#android.permission.MANAGE_ACCOUNTS
ADDED from ChuangYeQuann\AndroidManifest.xml:28:5-74
	android:name
		ADDED from ChuangYeQuann\AndroidManifest.xml:28:22-71
uses-permission#android.permission.AUTHENTICATE_ACCOUNTS
ADDED from ChuangYeQuann\AndroidManifest.xml:29:5-80
	android:name
		ADDED from ChuangYeQuann\AndroidManifest.xml:29:22-77
uses-permission#com.android.launcher.permission.READ_SETTINGS
ADDED from ChuangYeQuann\AndroidManifest.xml:30:5-85
	android:name
		ADDED from ChuangYeQuann\AndroidManifest.xml:30:22-82
uses-permission#android.permission.BROADCAST_STICKY
ADDED from ChuangYeQuann\AndroidManifest.xml:31:5-75
	android:name
		ADDED from ChuangYeQuann\AndroidManifest.xml:31:22-72
uses-permission#android.permission.WRITE_SETTINGS
ADDED from ChuangYeQuann\AndroidManifest.xml:32:5-73
	android:name
		ADDED from ChuangYeQuann\AndroidManifest.xml:32:22-70
uses-permission#com.google.android.c2dm.permission.RECEIVE
ADDED from ChuangYeQuann\AndroidManifest.xml:33:5-82
	android:name
		ADDED from ChuangYeQuann\AndroidManifest.xml:33:22-79
permission#com.easemob.chatuidemo.permission.C2D_MESSAGE
ADDED from ChuangYeQuann\AndroidManifest.xml:35:5-37:47
	android:protectionLevel
		ADDED from ChuangYeQuann\AndroidManifest.xml:37:9-44
	android:name
		ADDED from ChuangYeQuann\AndroidManifest.xml:36:9-69
uses-permission#com.easemob.chatuidemo.permission.C2D_MESSAGE
ADDED from ChuangYeQuann\AndroidManifest.xml:39:5-85
	android:name
		ADDED from ChuangYeQuann\AndroidManifest.xml:39:22-82
android:uses-permission#android.permission.READ_EXTERNAL_STORAGE
ADDED from ChuangYeQuann\AndroidManifest.xml:41:5-88
	android:name
		ADDED from ChuangYeQuann\AndroidManifest.xml:41:30-85
application
ADDED from ChuangYeQuann\AndroidManifest.xml:43:5-331:19
	android:label
		ADDED from ChuangYeQuann\AndroidManifest.xml:47:9-41
	android:allowBackup
		ADDED from ChuangYeQuann\AndroidManifest.xml:45:9-35
	android:icon
		ADDED from ChuangYeQuann\AndroidManifest.xml:46:9-45
	android:name
		ADDED from ChuangYeQuann\AndroidManifest.xml:44:9-40
activity#com.easemob.chatuidemo.activity.MainActivity
ADDED from ChuangYeQuann\AndroidManifest.xml:48:9-53:64
	android:screenOrientation
		ADDED from ChuangYeQuann\AndroidManifest.xml:51:13-49
	android:launchMode
		ADDED from ChuangYeQuann\AndroidManifest.xml:50:13-44
	android:windowSoftInputMode
		ADDED from ChuangYeQuann\AndroidManifest.xml:53:13-52
	android:theme
		ADDED from ChuangYeQuann\AndroidManifest.xml:52:13-52
	android:name
		ADDED from ChuangYeQuann\AndroidManifest.xml:49:13-50
activity#com.easemob.chatuidemo.activity.SplashActivity
ADDED from ChuangYeQuann\AndroidManifest.xml:56:9-65:20
	android:screenOrientation
		ADDED from ChuangYeQuann\AndroidManifest.xml:58:13-49
	android:theme
		ADDED from ChuangYeQuann\AndroidManifest.xml:59:13-52
	android:name
		ADDED from ChuangYeQuann\AndroidManifest.xml:57:13-52
intent-filter#android.intent.action.MAIN+android.intent.category.LAUNCHER
ADDED from ChuangYeQuann\AndroidManifest.xml:60:13-64:29
action#android.intent.action.MAIN
ADDED from ChuangYeQuann\AndroidManifest.xml:61:17-69
	android:name
		ADDED from ChuangYeQuann\AndroidManifest.xml:61:25-66
category#android.intent.category.LAUNCHER
ADDED from ChuangYeQuann\AndroidManifest.xml:63:17-77
	android:name
		ADDED from ChuangYeQuann\AndroidManifest.xml:63:27-74
activity#com.easemob.chatuidemo.activity.LoginActivity
ADDED from ChuangYeQuann\AndroidManifest.xml:68:9-72:80
	android:screenOrientation
		ADDED from ChuangYeQuann\AndroidManifest.xml:70:13-49
	android:windowSoftInputMode
		ADDED from ChuangYeQuann\AndroidManifest.xml:72:13-68
	android:theme
		ADDED from ChuangYeQuann\AndroidManifest.xml:71:13-52
	android:name
		ADDED from ChuangYeQuann\AndroidManifest.xml:69:13-51
activity#com.easemob.chatuidemo.activity.RegisterActivity
ADDED from ChuangYeQuann\AndroidManifest.xml:75:9-79:80
	android:screenOrientation
		ADDED from ChuangYeQuann\AndroidManifest.xml:77:13-49
	android:windowSoftInputMode
		ADDED from ChuangYeQuann\AndroidManifest.xml:79:13-68
	android:theme
		ADDED from ChuangYeQuann\AndroidManifest.xml:78:13-52
	android:name
		ADDED from ChuangYeQuann\AndroidManifest.xml:76:13-54
activity#com.easemob.chatuidemo.activity.ChatActivity
ADDED from ChuangYeQuann\AndroidManifest.xml:81:9-86:67
	android:screenOrientation
		ADDED from ChuangYeQuann\AndroidManifest.xml:84:13-49
	android:launchMode
		ADDED from ChuangYeQuann\AndroidManifest.xml:83:13-43
	android:windowSoftInputMode
		ADDED from ChuangYeQuann\AndroidManifest.xml:86:13-55
	android:theme
		ADDED from ChuangYeQuann\AndroidManifest.xml:85:13-52
	android:name
		ADDED from ChuangYeQuann\AndroidManifest.xml:82:13-50
activity#com.easemob.chatuidemo.activity.AddContactActivity
ADDED from ChuangYeQuann\AndroidManifest.xml:88:9-92:67
	android:screenOrientation
		ADDED from ChuangYeQuann\AndroidManifest.xml:90:13-49
	android:windowSoftInputMode
		ADDED from ChuangYeQuann\AndroidManifest.xml:92:13-55
	android:theme
		ADDED from ChuangYeQuann\AndroidManifest.xml:91:13-52
	android:name
		ADDED from ChuangYeQuann\AndroidManifest.xml:89:13-56
activity#com.easemob.chatuidemo.activity.GroupDetailsActivity
ADDED from ChuangYeQuann\AndroidManifest.xml:94:9-97:64
	android:screenOrientation
		ADDED from ChuangYeQuann\AndroidManifest.xml:96:13-49
	android:theme
		ADDED from ChuangYeQuann\AndroidManifest.xml:97:13-52
	android:name
		ADDED from ChuangYeQuann\AndroidManifest.xml:95:13-58
activity#com.easemob.chatuidemo.activity.GroupsActivity
ADDED from ChuangYeQuann\AndroidManifest.xml:99:9-103:64
	android:screenOrientation
		ADDED from ChuangYeQuann\AndroidManifest.xml:101:13-49
	android:windowSoftInputMode
		ADDED from ChuangYeQuann\AndroidManifest.xml:103:13-52
	android:theme
		ADDED from ChuangYeQuann\AndroidManifest.xml:102:13-52
	android:name
		ADDED from ChuangYeQuann\AndroidManifest.xml:100:13-52
activity#com.easemob.chatuidemo.activity.ChatRoomActivity
ADDED from ChuangYeQuann\AndroidManifest.xml:104:9-108:64
	android:screenOrientation
		ADDED from ChuangYeQuann\AndroidManifest.xml:106:13-49
	android:windowSoftInputMode
		ADDED from ChuangYeQuann\AndroidManifest.xml:108:13-52
	android:theme
		ADDED from ChuangYeQuann\AndroidManifest.xml:107:13-52
	android:name
		ADDED from ChuangYeQuann\AndroidManifest.xml:105:13-54
activity#com.easemob.chatuidemo.activity.ChatRoomDetailsActivity
ADDED from ChuangYeQuann\AndroidManifest.xml:110:9-113:64
	android:screenOrientation
		ADDED from ChuangYeQuann\AndroidManifest.xml:112:13-49
	android:theme
		ADDED from ChuangYeQuann\AndroidManifest.xml:113:13-52
	android:name
		ADDED from ChuangYeQuann\AndroidManifest.xml:111:13-61
activity#com.easemob.chatuidemo.activity.NewGroupActivity
ADDED from ChuangYeQuann\AndroidManifest.xml:116:9-120:64
	android:screenOrientation
		ADDED from ChuangYeQuann\AndroidManifest.xml:118:13-49
	android:windowSoftInputMode
		ADDED from ChuangYeQuann\AndroidManifest.xml:120:13-52
	android:theme
		ADDED from ChuangYeQuann\AndroidManifest.xml:119:13-52
	android:name
		ADDED from ChuangYeQuann\AndroidManifest.xml:117:13-54
activity#com.easemob.chatuidemo.activity.ExitGroupDialog
ADDED from ChuangYeQuann\AndroidManifest.xml:122:9-125:67
	android:screenOrientation
		ADDED from ChuangYeQuann\AndroidManifest.xml:124:13-49
	android:theme
		ADDED from ChuangYeQuann\AndroidManifest.xml:125:13-55
	android:name
		ADDED from ChuangYeQuann\AndroidManifest.xml:123:13-53
activity#com.easemob.chatuidemo.activity.GroupPickContactsActivity
ADDED from ChuangYeQuann\AndroidManifest.xml:127:9-131:64
	android:screenOrientation
		ADDED from ChuangYeQuann\AndroidManifest.xml:129:13-49
	android:windowSoftInputMode
		ADDED from ChuangYeQuann\AndroidManifest.xml:131:13-52
	android:theme
		ADDED from ChuangYeQuann\AndroidManifest.xml:130:13-52
	android:name
		ADDED from ChuangYeQuann\AndroidManifest.xml:128:13-63
activity#com.easemob.chatuidemo.activity.BaiduMapActivity
ADDED from ChuangYeQuann\AndroidManifest.xml:133:9-136:64
	android:screenOrientation
		ADDED from ChuangYeQuann\AndroidManifest.xml:135:13-49
	android:theme
		ADDED from ChuangYeQuann\AndroidManifest.xml:136:13-52
	android:name
		ADDED from ChuangYeQuann\AndroidManifest.xml:134:13-54
activity#com.easemob.chatuidemo.activity.NewFriendsMsgActivity
ADDED from ChuangYeQuann\AndroidManifest.xml:139:9-142:64
	android:screenOrientation
		ADDED from ChuangYeQuann\AndroidManifest.xml:141:13-49
	android:theme
		ADDED from ChuangYeQuann\AndroidManifest.xml:142:13-52
	android:name
		ADDED from ChuangYeQuann\AndroidManifest.xml:140:13-59
activity#com.easemob.chatuidemo.activity.ForwardMessageActivity
ADDED from ChuangYeQuann\AndroidManifest.xml:144:9-148:64
	android:screenOrientation
		ADDED from ChuangYeQuann\AndroidManifest.xml:146:13-49
	android:windowSoftInputMode
		ADDED from ChuangYeQuann\AndroidManifest.xml:148:13-52
	android:theme
		ADDED from ChuangYeQuann\AndroidManifest.xml:147:13-52
	android:name
		ADDED from ChuangYeQuann\AndroidManifest.xml:145:13-60
activity#com.easemob.chatuidemo.activity.ContextMenu
ADDED from ChuangYeQuann\AndroidManifest.xml:150:9-153:61
	android:screenOrientation
		ADDED from ChuangYeQuann\AndroidManifest.xml:152:13-49
	android:theme
		ADDED from ChuangYeQuann\AndroidManifest.xml:153:13-49
	android:name
		ADDED from ChuangYeQuann\AndroidManifest.xml:151:13-49
activity#com.easemob.chatuidemo.activity.AlertDialog
ADDED from ChuangYeQuann\AndroidManifest.xml:155:9-158:61
	android:screenOrientation
		ADDED from ChuangYeQuann\AndroidManifest.xml:157:13-49
	android:theme
		ADDED from ChuangYeQuann\AndroidManifest.xml:158:13-49
	android:name
		ADDED from ChuangYeQuann\AndroidManifest.xml:156:13-49
activity#com.easemob.chatuidemo.activity.ShowBigImage
ADDED from ChuangYeQuann\AndroidManifest.xml:160:9-163:64
	android:screenOrientation
		ADDED from ChuangYeQuann\AndroidManifest.xml:162:13-49
	android:theme
		ADDED from ChuangYeQuann\AndroidManifest.xml:163:13-52
	android:name
		ADDED from ChuangYeQuann\AndroidManifest.xml:161:13-50
activity#com.easemob.chatuidemo.activity.ShowNormalFileActivity
ADDED from ChuangYeQuann\AndroidManifest.xml:165:9-168:64
	android:screenOrientation
		ADDED from ChuangYeQuann\AndroidManifest.xml:167:13-49
	android:theme
		ADDED from ChuangYeQuann\AndroidManifest.xml:168:13-52
	android:name
		ADDED from ChuangYeQuann\AndroidManifest.xml:166:13-60
activity#com.easemob.chatuidemo.activity.BlacklistActivity
ADDED from ChuangYeQuann\AndroidManifest.xml:170:9-173:64
	android:screenOrientation
		ADDED from ChuangYeQuann\AndroidManifest.xml:172:13-49
	android:theme
		ADDED from ChuangYeQuann\AndroidManifest.xml:173:13-52
	android:name
		ADDED from ChuangYeQuann\AndroidManifest.xml:171:13-55
activity#com.easemob.chatuidemo.activity.PublicGroupsActivity
ADDED from ChuangYeQuann\AndroidManifest.xml:176:9-180:64
	android:screenOrientation
		ADDED from ChuangYeQuann\AndroidManifest.xml:178:13-49
	android:windowSoftInputMode
		ADDED from ChuangYeQuann\AndroidManifest.xml:180:13-52
	android:theme
		ADDED from ChuangYeQuann\AndroidManifest.xml:179:13-52
	android:name
		ADDED from ChuangYeQuann\AndroidManifest.xml:177:13-58
activity#com.easemob.chatuidemo.activity.PublicChatRoomsActivity
ADDED from ChuangYeQuann\AndroidManifest.xml:181:9-185:64
	android:screenOrientation
		ADDED from ChuangYeQuann\AndroidManifest.xml:183:13-49
	android:windowSoftInputMode
		ADDED from ChuangYeQuann\AndroidManifest.xml:185:13-52
	android:theme
		ADDED from ChuangYeQuann\AndroidManifest.xml:184:13-52
	android:name
		ADDED from ChuangYeQuann\AndroidManifest.xml:182:13-61
activity#com.easemob.chatuidemo.activity.VoiceCallActivity
ADDED from ChuangYeQuann\AndroidManifest.xml:188:9-192:60
	android:screenOrientation
		ADDED from ChuangYeQuann\AndroidManifest.xml:191:13-49
	android:launchMode
		ADDED from ChuangYeQuann\AndroidManifest.xml:190:13-44
	android:theme
		ADDED from ChuangYeQuann\AndroidManifest.xml:192:13-48
	android:name
		ADDED from ChuangYeQuann\AndroidManifest.xml:189:13-55
activity#com.easemob.chatuidemo.activity.VideoCallActivity
ADDED from ChuangYeQuann\AndroidManifest.xml:194:9-199:64
	android:screenOrientation
		ADDED from ChuangYeQuann\AndroidManifest.xml:198:13-49
	android:launchMode
		ADDED from ChuangYeQuann\AndroidManifest.xml:197:13-44
	android:configChanges
		ADDED from ChuangYeQuann\AndroidManifest.xml:196:13-74
	android:theme
		ADDED from ChuangYeQuann\AndroidManifest.xml:199:13-52
	android:name
		ADDED from ChuangYeQuann\AndroidManifest.xml:195:13-55
activity#com.easemob.chatuidemo.activity.GroupSimpleDetailActivity
ADDED from ChuangYeQuann\AndroidManifest.xml:201:9-204:64
	android:screenOrientation
		ADDED from ChuangYeQuann\AndroidManifest.xml:203:13-49
	android:theme
		ADDED from ChuangYeQuann\AndroidManifest.xml:204:13-52
	android:name
		ADDED from ChuangYeQuann\AndroidManifest.xml:202:13-63
activity#com.easemob.chatuidemo.activity.GroupBlacklistActivity
ADDED from ChuangYeQuann\AndroidManifest.xml:206:9-209:64
	android:screenOrientation
		ADDED from ChuangYeQuann\AndroidManifest.xml:208:13-49
	android:theme
		ADDED from ChuangYeQuann\AndroidManifest.xml:209:13-52
	android:name
		ADDED from ChuangYeQuann\AndroidManifest.xml:207:13-60
activity#com.easemob.chatuidemo.activity.PublicGroupsSeachActivity
ADDED from ChuangYeQuann\AndroidManifest.xml:210:9-213:64
	android:screenOrientation
		ADDED from ChuangYeQuann\AndroidManifest.xml:212:13-49
	android:theme
		ADDED from ChuangYeQuann\AndroidManifest.xml:213:13-52
	android:name
		ADDED from ChuangYeQuann\AndroidManifest.xml:211:13-63
activity#com.easemob.chatuidemo.activity.EditActivity
ADDED from ChuangYeQuann\AndroidManifest.xml:214:9-218:67
	android:screenOrientation
		ADDED from ChuangYeQuann\AndroidManifest.xml:216:13-49
	android:windowSoftInputMode
		ADDED from ChuangYeQuann\AndroidManifest.xml:218:13-55
	android:theme
		ADDED from ChuangYeQuann\AndroidManifest.xml:217:13-52
	android:name
		ADDED from ChuangYeQuann\AndroidManifest.xml:215:13-50
activity#com.easemob.chatuidemo.activity.ShowVideoActivity
ADDED from ChuangYeQuann\AndroidManifest.xml:219:9-223:72
	android:screenOrientation
		ADDED from ChuangYeQuann\AndroidManifest.xml:221:13-49
	android:windowSoftInputMode
		ADDED from ChuangYeQuann\AndroidManifest.xml:223:13-60
	android:theme
		ADDED from ChuangYeQuann\AndroidManifest.xml:222:13-52
	android:name
		ADDED from ChuangYeQuann\AndroidManifest.xml:220:13-55
activity#com.easemob.chatuidemo.activity.ImageGridActivity
ADDED from ChuangYeQuann\AndroidManifest.xml:225:9-229:72
	android:screenOrientation
		ADDED from ChuangYeQuann\AndroidManifest.xml:227:13-49
	android:windowSoftInputMode
		ADDED from ChuangYeQuann\AndroidManifest.xml:229:13-60
	android:theme
		ADDED from ChuangYeQuann\AndroidManifest.xml:228:13-52
	android:name
		ADDED from ChuangYeQuann\AndroidManifest.xml:226:13-55
activity#com.easemob.chatuidemo.activity.RecorderVideoActivity
ADDED from ChuangYeQuann\AndroidManifest.xml:230:9-234:72
	android:screenOrientation
		ADDED from ChuangYeQuann\AndroidManifest.xml:232:13-49
	android:windowSoftInputMode
		ADDED from ChuangYeQuann\AndroidManifest.xml:234:13-60
	android:theme
		ADDED from ChuangYeQuann\AndroidManifest.xml:233:13-52
	android:name
		ADDED from ChuangYeQuann\AndroidManifest.xml:231:13-59
activity#com.easemob.chatuidemo.activity.DiagnoseActivity
ADDED from ChuangYeQuann\AndroidManifest.xml:236:9-240:72
	android:screenOrientation
		ADDED from ChuangYeQuann\AndroidManifest.xml:238:13-49
	android:windowSoftInputMode
		ADDED from ChuangYeQuann\AndroidManifest.xml:240:13-60
	android:theme
		ADDED from ChuangYeQuann\AndroidManifest.xml:239:13-52
	android:name
		ADDED from ChuangYeQuann\AndroidManifest.xml:237:13-54
activity#com.easemob.chatuidemo.activity.OfflinePushNickActivity
ADDED from ChuangYeQuann\AndroidManifest.xml:243:9-247:72
	android:screenOrientation
		ADDED from ChuangYeQuann\AndroidManifest.xml:245:13-49
	android:windowSoftInputMode
		ADDED from ChuangYeQuann\AndroidManifest.xml:247:13-60
	android:theme
		ADDED from ChuangYeQuann\AndroidManifest.xml:246:13-52
	android:name
		ADDED from ChuangYeQuann\AndroidManifest.xml:244:13-61
activity#com.easemob.chatuidemo.activity.RobotsActivity
ADDED from ChuangYeQuann\AndroidManifest.xml:249:9-253:63
	android:screenOrientation
		ADDED from ChuangYeQuann\AndroidManifest.xml:251:13-49
	android:windowSoftInputMode
		ADDED from ChuangYeQuann\AndroidManifest.xml:253:13-60
	android:theme
		ADDED from ChuangYeQuann\AndroidManifest.xml:252:13-52
	android:name
		ADDED from ChuangYeQuann\AndroidManifest.xml:250:13-52
activity#com.easemob.chatuidemo.activity.UserProfileActivity
ADDED from ChuangYeQuann\AndroidManifest.xml:255:9-258:55
	android:screenOrientation
		ADDED from ChuangYeQuann\AndroidManifest.xml:257:13-49
	android:theme
		ADDED from ChuangYeQuann\AndroidManifest.xml:258:13-52
	android:name
		ADDED from ChuangYeQuann\AndroidManifest.xml:256:13-57
receiver#com.easemob.chat.StartServiceReceiver
ADDED from ChuangYeQuann\AndroidManifest.xml:261:9-268:20
	android:name
		ADDED from ChuangYeQuann\AndroidManifest.xml:261:19-71
intent-filter#android.intent.action.BOOT_COMPLETED+android.intent.action.QUICKBOOT_POWERON+android.intent.category.LAUNCHER
ADDED from ChuangYeQuann\AndroidManifest.xml:262:13-267:29
	android:priority
		ADDED from ChuangYeQuann\AndroidManifest.xml:262:28-51
action#android.intent.action.BOOT_COMPLETED
ADDED from ChuangYeQuann\AndroidManifest.xml:263:17-79
	android:name
		ADDED from ChuangYeQuann\AndroidManifest.xml:263:25-76
action#android.intent.action.QUICKBOOT_POWERON
ADDED from ChuangYeQuann\AndroidManifest.xml:264:17-82
	android:name
		ADDED from ChuangYeQuann\AndroidManifest.xml:264:25-79
receiver#com.easemob.chat.EMGCMBroadcastReceiver
ADDED from ChuangYeQuann\AndroidManifest.xml:271:9-280:20
	android:exported
		ADDED from ChuangYeQuann\AndroidManifest.xml:273:13-36
	android:permission
		ADDED from ChuangYeQuann\AndroidManifest.xml:274:13-73
	android:name
		ADDED from ChuangYeQuann\AndroidManifest.xml:272:13-67
intent-filter#com.easemob.chatuidemo+com.google.android.c2dm.intent.RECEIVE
ADDED from ChuangYeQuann\AndroidManifest.xml:275:13-279:29
action#com.google.android.c2dm.intent.RECEIVE
ADDED from ChuangYeQuann\AndroidManifest.xml:276:17-81
	android:name
		ADDED from ChuangYeQuann\AndroidManifest.xml:276:25-78
category#com.easemob.chatuidemo
ADDED from ChuangYeQuann\AndroidManifest.xml:278:17-67
	android:name
		ADDED from ChuangYeQuann\AndroidManifest.xml:278:27-64
service#com.easemob.chat.EMGCMListenerService
ADDED from ChuangYeQuann\AndroidManifest.xml:282:9-284:48
	android:exported
		ADDED from ChuangYeQuann\AndroidManifest.xml:284:13-37
	android:name
		ADDED from ChuangYeQuann\AndroidManifest.xml:283:13-65
receiver#com.easemob.chatuidemo.receiver.GCMPushBroadCast
ADDED from ChuangYeQuann\AndroidManifest.xml:286:9-294:20
	android:exported
		ADDED from ChuangYeQuann\AndroidManifest.xml:288:13-37
	android:name
		ADDED from ChuangYeQuann\AndroidManifest.xml:287:13-54
intent-filter#com.easemob.chatuidemo+com.easemob.sdk.push
ADDED from ChuangYeQuann\AndroidManifest.xml:289:13-293:29
action#com.easemob.sdk.push
ADDED from ChuangYeQuann\AndroidManifest.xml:290:17-63
	android:name
		ADDED from ChuangYeQuann\AndroidManifest.xml:290:25-60
meta-data#EASEMOB_APPKEY
ADDED from ChuangYeQuann\AndroidManifest.xml:299:9-301:55
	android:value
		ADDED from ChuangYeQuann\AndroidManifest.xml:301:13-52
	android:name
		ADDED from ChuangYeQuann\AndroidManifest.xml:300:13-42
service#com.easemob.chat.EMChatService
ADDED from ChuangYeQuann\AndroidManifest.xml:303:9-66
	android:name
		ADDED from ChuangYeQuann\AndroidManifest.xml:303:18-63
receiver#com.easemob.chat.EMMonitorReceiver
ADDED from ChuangYeQuann\AndroidManifest.xml:305:9-315:20
	android:name
		ADDED from ChuangYeQuann\AndroidManifest.xml:305:19-68
intent-filter#android.intent.action.PACKAGE_REMOVED
ADDED from ChuangYeQuann\AndroidManifest.xml:306:13-310:29
action#android.intent.action.PACKAGE_REMOVED
ADDED from ChuangYeQuann\AndroidManifest.xml:307:17-80
	android:name
		ADDED from ChuangYeQuann\AndroidManifest.xml:307:25-77
data
ADDED from ChuangYeQuann\AndroidManifest.xml:309:17-50
	android:scheme
		ADDED from ChuangYeQuann\AndroidManifest.xml:309:23-47
intent-filter#android.intent.action.BOOT_COMPLETED+android.intent.action.USER_PRESENT
ADDED from ChuangYeQuann\AndroidManifest.xml:311:13-314:29
action#android.intent.action.USER_PRESENT
ADDED from ChuangYeQuann\AndroidManifest.xml:313:17-77
	android:name
		ADDED from ChuangYeQuann\AndroidManifest.xml:313:25-74
service#com.baidu.location.f
ADDED from ChuangYeQuann\AndroidManifest.xml:318:9-321:41
	android:enabled
		ADDED from ChuangYeQuann\AndroidManifest.xml:320:13-35
	android:process
		ADDED from ChuangYeQuann\AndroidManifest.xml:321:13-38
	android:name
		ADDED from ChuangYeQuann\AndroidManifest.xml:319:13-48
meta-data#UMENG_APPKEY
ADDED from ChuangYeQuann\AndroidManifest.xml:323:9-325:66
	android:value
		ADDED from ChuangYeQuann\AndroidManifest.xml:325:13-53
	android:name
		ADDED from ChuangYeQuann\AndroidManifest.xml:324:13-40
meta-data#com.baidu.lbsapi.API_KEY
ADDED from ChuangYeQuann\AndroidManifest.xml:326:9-328:64
	android:value
		ADDED from ChuangYeQuann\AndroidManifest.xml:328:13-61
	android:name
		ADDED from ChuangYeQuann\AndroidManifest.xml:327:13-52
activity#com.easemob.chatuidemo.activity.FirsstActivity
ADDED from ChuangYeQuann\AndroidManifest.xml:330:9-70
	android:name
		ADDED from ChuangYeQuann\AndroidManifest.xml:330:19-58